2023-07-08T13:05:01.859+09:00  INFO 1234272 --- [restartedMain] o.m.a.AuthenticationServerApplication    : The following 1 profile is active: "local"
2023-07-08T13:05:02.658+09:00  INFO 1234272 --- [restartedMain] .s.d.r.c.RepositoryConfigurationDelegate : Bootstrapping Spring Data JPA repositories in DEFAULT mode.
2023-07-08T13:05:02.824+09:00  INFO 1234272 --- [restartedMain] .s.d.r.c.RepositoryConfigurationDelegate : Finished Spring Data repository scanning in 155 ms. Found 1 JPA repository interfaces.
2023-07-08T13:05:03.093+09:00  INFO 1234272 --- [restartedMain] o.s.cloud.context.scope.GenericScope     : BeanFactory id=13b49fdf-fd83-301b-882e-e9f9152a493d
2023-07-08T13:05:03.884+09:00  INFO 1234272 --- [restartedMain] o.s.b.w.embedded.tomcat.TomcatWebServer  : Tomcat initialized with port(s): 8900 (http)
2023-07-08T13:05:03.897+09:00  INFO 1234272 --- [restartedMain] o.apache.catalina.core.StandardService   : Starting service [Tomcat]
2023-07-08T13:05:03.897+09:00  INFO 1234272 --- [restartedMain] o.apache.catalina.core.StandardEngine    : Starting Servlet engine: [Apache Tomcat/10.1.5]
2023-07-08T13:05:04.005+09:00  INFO 1234272 --- [restartedMain] o.a.c.c.C.[Tomcat].[localhost].[/]       : Initializing Spring embedded WebApplicationContext
2023-07-08T13:05:04.006+09:00  INFO 1234272 --- [restartedMain] w.s.c.ServletWebServerApplicationContext : Root WebApplicationContext: initialization completed in 2125 ms
2023-07-08T13:05:04.170+09:00  INFO 1234272 --- [restartedMain] o.hibernate.jpa.internal.util.LogHelper  : HHH000204: Processing PersistenceUnitInfo [name: default]
2023-07-08T13:05:04.236+09:00  INFO 1234272 --- [restartedMain] org.hibernate.Version                    : HHH000412: Hibernate ORM core version 6.1.7.Final
2023-07-08T13:05:04.740+09:00  INFO 1234272 --- [restartedMain] com.zaxxer.hikari.HikariDataSource       : HikariPool-1 - Starting...
2023-07-08T13:05:04.876+09:00  INFO 1234272 --- [restartedMain] com.zaxxer.hikari.pool.HikariPool        : HikariPool-1 - Added connection org.mariadb.jdbc.Connection@514010b8
2023-07-08T13:05:04.879+09:00  INFO 1234272 --- [restartedMain] com.zaxxer.hikari.HikariDataSource       : HikariPool-1 - Start completed.
2023-07-08T13:05:04.905+09:00  INFO 1234272 --- [restartedMain] SQL dialect                              : HHH000400: Using dialect: org.hibernate.dialect.MariaDB103Dialect
2023-07-08T13:05:04.907+09:00  WARN 1234272 --- [restartedMain] org.hibernate.orm.deprecation            : HHH90000026: MariaDB103Dialect has been deprecated; use org.hibernate.dialect.MariaDBDialect instead
2023-07-08T13:05:06.313+09:00  INFO 1234272 --- [restartedMain] o.h.e.t.j.p.i.JtaPlatformInitiator       : HHH000490: Using JtaPlatform implementation: [org.hibernate.engine.transaction.jta.platform.internal.NoJtaPlatform]
2023-07-08T13:05:06.323+09:00  INFO 1234272 --- [restartedMain] j.LocalContainerEntityManagerFactoryBean : Initialized JPA EntityManagerFactory for persistence unit 'default'
2023-07-08T13:05:06.810+09:00  WARN 1234272 --- [restartedMain] JpaBaseConfiguration$JpaWebConfiguration : spring.jpa.open-in-view is enabled by default. Therefore, database queries may be performed during view rendering. Explicitly configure spring.jpa.open-in-view to disable this warning
2023-07-08T13:05:07.613+09:00  INFO 1234272 --- [restartedMain] o.s.b.d.a.OptionalLiveReloadServer       : LiveReload server is running on port 35729
2023-07-08T13:05:07.856+09:00  INFO 1234272 --- [restartedMain] DiscoveryClientOptionalArgsConfiguration : Eureka HTTP Client uses RestTemplate.
2023-07-08T13:05:08.431+09:00  INFO 1234272 --- [restartedMain] o.s.c.n.eureka.InstanceInfoFactory       : Setting initial instance status as: STARTING
2023-07-08T13:05:08.477+09:00  INFO 1234272 --- [restartedMain] com.netflix.discovery.DiscoveryClient    : Initializing Eureka in region us-east-1
2023-07-08T13:05:08.506+09:00  INFO 1234272 --- [restartedMain] c.n.d.s.r.aws.ConfigClusterResolver      : Resolving eureka endpoints via configuration
2023-07-08T13:05:08.569+09:00  INFO 1234272 --- [restartedMain] com.netflix.discovery.DiscoveryClient    : Disable delta property : false
2023-07-08T13:05:08.572+09:00  INFO 1234272 --- [restartedMain] com.netflix.discovery.DiscoveryClient    : Single vip registry refresh property : null
2023-07-08T13:05:08.573+09:00  INFO 1234272 --- [restartedMain] com.netflix.discovery.DiscoveryClient    : Force full registry fetch : false
2023-07-08T13:05:08.575+09:00  INFO 1234272 --- [restartedMain] com.netflix.discovery.DiscoveryClient    : Application is null : false
2023-07-08T13:05:08.575+09:00  INFO 1234272 --- [restartedMain] com.netflix.discovery.DiscoveryClient    : Registered Applications size is zero : true
2023-07-08T13:05:08.575+09:00  INFO 1234272 --- [restartedMain] com.netflix.discovery.DiscoveryClient    : Application version is -1: true
2023-07-08T13:05:08.576+09:00  INFO 1234272 --- [restartedMain] com.netflix.discovery.DiscoveryClient    : Getting all instance registry info from the eureka server
2023-07-08T13:05:09.814+09:00  INFO 1234272 --- [restartedMain] com.netflix.discovery.DiscoveryClient    : The response status is 200
2023-07-08T13:05:09.816+09:00  INFO 1234272 --- [restartedMain] com.netflix.discovery.DiscoveryClient    : Starting heartbeat executor: renew interval is: 30
2023-07-08T13:05:09.820+09:00  INFO 1234272 --- [restartedMain] c.n.discovery.InstanceInfoReplicator     : InstanceInfoReplicator onDemand update allowed rate per min is 4
2023-07-08T13:05:09.825+09:00  INFO 1234272 --- [restartedMain] com.netflix.discovery.DiscoveryClient    : Discovery Client initialized at timestamp 1688789109824 with initial instances count: 0
2023-07-08T13:05:09.828+09:00  INFO 1234272 --- [restartedMain] o.s.c.n.e.s.EurekaServiceRegistry        : Registering application AUTHENTICATION-SERVER with eureka with status UP
2023-07-08T13:05:09.829+09:00  INFO 1234272 --- [restartedMain] com.netflix.discovery.DiscoveryClient    : Saw local status change event StatusChangeEvent [timestamp=1688789109829, current=UP, previous=STARTING]
2023-07-08T13:05:09.832+09:00  INFO 1234272 --- [DiscoveryClient-InstanceInfoReplicator-0] com.netflix.discovery.DiscoveryClient    : DiscoveryClient_AUTHENTICATION-SERVER/DESKTOP-4VPH1H9:authentication-server:8900: registering service...
2023-07-08T13:05:09.859+09:00  INFO 1234272 --- [restartedMain] o.s.b.w.embedded.tomcat.TomcatWebServer  : Tomcat started on port(s): 8900 (http) with context path ''
2023-07-08T13:05:09.890+09:00  INFO 1234272 --- [restartedMain] .s.c.n.e.s.EurekaAutoServiceRegistration : Updating port to 8900
2023-07-08T13:05:09.959+09:00  INFO 1234272 --- [DiscoveryClient-InstanceInfoReplicator-0] com.netflix.discovery.DiscoveryClient    : DiscoveryClient_AUTHENTICATION-SERVER/DESKTOP-4VPH1H9:authentication-server:8900 - registration status: 204
2023-07-08T13:05:10.166+09:00  INFO 1234272 --- [restartedMain] o.m.a.AuthenticationServerApplication    : Started AuthenticationServerApplication in 9.994 seconds (process running for 11.059)
2023-07-08T13:05:24.944+09:00  INFO 1234272 --- [http-nio-8900-exec-5] o.a.c.c.C.[Tomcat].[localhost].[/]       : Initializing Spring DispatcherServlet 'dispatcherServlet'
2023-07-08T13:05:24.945+09:00  INFO 1234272 --- [http-nio-8900-exec-5] o.s.web.servlet.DispatcherServlet        : Initializing Servlet 'dispatcherServlet'
2023-07-08T13:05:24.946+09:00  INFO 1234272 --- [http-nio-8900-exec-5] o.s.web.servlet.DispatcherServlet        : Completed initialization in 1 ms
2023-07-08T13:05:25.265+09:00 DEBUG 1234272 --- [http-nio-8900-exec-5] o.m.a.c.AuthenticationController         : token.account.id = admin
2023-07-08T13:05:31.433+09:00 DEBUG 1234272 --- [http-nio-8900-exec-6] o.m.a.c.AuthenticationController         : join.account.id = admin
2023-07-08T13:05:33.201+09:00 DEBUG 1234272 --- [http-nio-8900-exec-2] o.m.a.c.AuthenticationController         : token.account.id = admin
2023-07-08T13:05:39.829+09:00  INFO 1234272 --- [DiscoveryClient-CacheRefreshExecutor-0] com.netflix.discovery.DiscoveryClient    : Disable delta property : false
2023-07-08T13:05:39.829+09:00  INFO 1234272 --- [DiscoveryClient-CacheRefreshExecutor-0] com.netflix.discovery.DiscoveryClient    : Single vip registry refresh property : null
2023-07-08T13:05:39.830+09:00  INFO 1234272 --- [DiscoveryClient-CacheRefreshExecutor-0] com.netflix.discovery.DiscoveryClient    : Force full registry fetch : false
2023-07-08T13:05:39.830+09:00  INFO 1234272 --- [DiscoveryClient-CacheRefreshExecutor-0] com.netflix.discovery.DiscoveryClient    : Application is null : false
2023-07-08T13:05:39.830+09:00  INFO 1234272 --- [DiscoveryClient-CacheRefreshExecutor-0] com.netflix.discovery.DiscoveryClient    : Registered Applications size is zero : true
2023-07-08T13:05:39.830+09:00  INFO 1234272 --- [DiscoveryClient-CacheRefreshExecutor-0] com.netflix.discovery.DiscoveryClient    : Application version is -1: false
2023-07-08T13:05:39.830+09:00  INFO 1234272 --- [DiscoveryClient-CacheRefreshExecutor-0] com.netflix.discovery.DiscoveryClient    : Getting all instance registry info from the eureka server
2023-07-08T13:05:39.840+09:00  INFO 1234272 --- [DiscoveryClient-CacheRefreshExecutor-0] com.netflix.discovery.DiscoveryClient    : The response status is 200
2023-07-08T13:08:24.823+09:00  INFO 1234272 --- [RMI TCP Connection(10)-127.0.0.1] inMXBeanRegistrar$SpringApplicationAdmin : Application shutdown requested.
2023-07-08T13:08:24.823+09:00  INFO 1234272 --- [RMI TCP Connection(12)-127.0.0.1] inMXBeanRegistrar$SpringApplicationAdmin : Application shutdown requested.
2023-07-08T13:08:24.823+09:00  INFO 1234272 --- [RMI TCP Connection(11)-127.0.0.1] inMXBeanRegistrar$SpringApplicationAdmin : Application shutdown requested.
2023-07-08T13:08:24.824+09:00  INFO 1234272 --- [RMI TCP Connection(10)-127.0.0.1] o.s.c.n.e.s.EurekaServiceRegistry        : Unregistering application AUTHENTICATION-SERVER with eureka with status DOWN
2023-07-08T13:08:24.824+09:00  INFO 1234272 --- [RMI TCP Connection(10)-127.0.0.1] com.netflix.discovery.DiscoveryClient    : Saw local status change event StatusChangeEvent [timestamp=1688789304824, current=DOWN, previous=UP]
2023-07-08T13:08:24.824+09:00  INFO 1234272 --- [DiscoveryClient-InstanceInfoReplicator-0] com.netflix.discovery.DiscoveryClient    : DiscoveryClient_AUTHENTICATION-SERVER/DESKTOP-4VPH1H9:authentication-server:8900: registering service...
2023-07-08T13:08:24.831+09:00  INFO 1234272 --- [DiscoveryClient-InstanceInfoReplicator-0] com.netflix.discovery.DiscoveryClient    : DiscoveryClient_AUTHENTICATION-SERVER/DESKTOP-4VPH1H9:authentication-server:8900 - registration status: 204
2023-07-08T13:08:24.843+09:00  INFO 1234272 --- [RMI TCP Connection(10)-127.0.0.1] o.apache.catalina.core.StandardService   : Stopping service [Tomcat]
2023-07-08T13:08:24.845+09:00  INFO 1234272 --- [RMI TCP Connection(10)-127.0.0.1] o.a.c.c.C.[Tomcat].[localhost].[/]       : Destroying Spring FrameworkServlet 'dispatcherServlet'
2023-07-08T13:08:24.856+09:00  INFO 1234272 --- [RMI TCP Connection(10)-127.0.0.1] j.LocalContainerEntityManagerFactoryBean : Closing JPA EntityManagerFactory for persistence unit 'default'
2023-07-08T13:08:24.859+09:00  INFO 1234272 --- [RMI TCP Connection(10)-127.0.0.1] com.zaxxer.hikari.HikariDataSource       : HikariPool-1 - Shutdown initiated...
2023-07-08T13:08:24.863+09:00  INFO 1234272 --- [RMI TCP Connection(10)-127.0.0.1] com.zaxxer.hikari.HikariDataSource       : HikariPool-1 - Shutdown completed.
2023-07-08T13:08:24.863+09:00  INFO 1234272 --- [RMI TCP Connection(10)-127.0.0.1] com.netflix.discovery.DiscoveryClient    : Shutting down DiscoveryClient ...
